C:\USERS\GYANG\DOCUMENTS\VISUAL STUDIO 2012\PROJECTS\CIRCULAR PRIMES\CIRCULAR PRIMES\DEBUG\CIRCULAR PRIMES.PCH
C:\USERS\GYANG\DOCUMENTS\VISUAL STUDIO 2012\PROJECTS\CIRCULAR PRIMES\CIRCULAR PRIMES\DEBUG\STDAFX.OBJ
C:\USERS\GYANG\DOCUMENTS\VISUAL STUDIO 2012\PROJECTS\CIRCULAR PRIMES\CIRCULAR PRIMES\DEBUG\VC110.PDB
C:\USERS\GYANG\DOCUMENTS\VISUAL STUDIO 2012\PROJECTS\CIRCULAR PRIMES\CIRCULAR PRIMES\DEBUG\CIRCULAR PRIMES.OBJ
C:\USERS\GYANG\DOCUMENTS\VISUAL STUDIO 2012\PROJECTS\CIRCULAR PRIMES\DEBUG\CIRCULAR PRIMES.ILK
C:\USERS\GYANG\DOCUMENTS\VISUAL STUDIO 2012\PROJECTS\CIRCULAR PRIMES\DEBUG\CIRCULAR PRIMES.EXE
C:\USERS\GYANG\DOCUMENTS\VISUAL STUDIO 2012\PROJECTS\CIRCULAR PRIMES\DEBUG\CIRCULAR PRIMES.PDB
c:\Users\GYang\documents\visual studio 2012\Projects\Circular primes\Circular primes\Debug\Circular primes.obj
c:\Users\GYang\documents\visual studio 2012\Projects\Circular primes\Circular primes\Debug\stdafx.obj
c:\Users\GYang\documents\visual studio 2012\Projects\Circular primes\Circular primes\Debug\cl.command.1.tlog
c:\Users\GYang\documents\visual studio 2012\Projects\Circular primes\Circular primes\Debug\CL.read.1.tlog
c:\Users\GYang\documents\visual studio 2012\Projects\Circular primes\Circular primes\Debug\CL.write.1.tlog
c:\Users\GYang\documents\visual studio 2012\Projects\Circular primes\Circular primes\Debug\link-cvtres.read.1.tlog
c:\Users\GYang\documents\visual studio 2012\Projects\Circular primes\Circular primes\Debug\link-cvtres.write.1.tlog
c:\Users\GYang\documents\visual studio 2012\Projects\Circular primes\Circular primes\Debug\link-rc.read.1.tlog
c:\Users\GYang\documents\visual studio 2012\Projects\Circular primes\Circular primes\Debug\link-rc.write.1.tlog
c:\Users\GYang\documents\visual studio 2012\Projects\Circular primes\Circular primes\Debug\link.command.1.tlog
c:\Users\GYang\documents\visual studio 2012\Projects\Circular primes\Circular primes\Debug\link.read.1.tlog
c:\Users\GYang\documents\visual studio 2012\Projects\Circular primes\Circular primes\Debug\link.write.1.tlog
c:\Users\GYang\documents\visual studio 2012\Projects\Circular primes\Circular primes\Debug\Circular primes.pch
c:\Users\GYang\documents\visual studio 2012\Projects\Circular primes\Circular primes\Debug\vc110.idb
c:\Users\GYang\documents\visual studio 2012\Projects\Circular primes\Circular primes\Debug\vc110.pdb
c:\users\gyang\documents\visual studio 2012\Projects\Circular primes\Debug\Circular primes.pdb
c:\users\gyang\documents\visual studio 2012\Projects\Circular primes\Debug\Circular primes.exe
c:\users\gyang\documents\visual studio 2012\Projects\Circular primes\Debug\Circular primes.ilk
